<?xml version="1.0" encoding="UTF-8"?>
<!-- Generated by org.testng.reporters.JUnitXMLReporter -->
<testsuite ignored="0" hostname="DESKTOP-S6PS9AD" failures="0" tests="12" name="Default test" time="27.332" errors="0" timestamp="2024-02-24T14:18:16 IST">
  <testcase classname="API.testCases.UserTestDD" name="testCreateUser" time="8.154"/>
  <testcase classname="API.testCases.UserTestDD" name="testCreateUser" time="1.212"/>
  <testcase classname="API.testCases.UserTestDD" name="testCreateUser" time="1.258"/>
  <testcase classname="API.testCases.UserTestDD" name="testCreateUser" time="1.262"/>
  <testcase classname="API.testCases.UserTestDD" name="testGetUserData" time="1.387"/>
  <testcase classname="API.testCases.UserTestDD" name="testGetUserData" time="1.096"/>
  <testcase classname="API.testCases.UserTestDD" name="testGetUserData" time="1.25"/>
  <testcase classname="API.testCases.UserTestDD" name="testGetUserData" time="1.061"/>
  <testcase classname="API.testCases.UserTestDD" name="testDeleteUser" time="1.274"/>
  <testcase classname="API.testCases.UserTestDD" name="testDeleteUser" time="1.221"/>
  <testcase classname="API.testCases.UserTestDD" name="testDeleteUser" time="1.262"/>
  <testcase classname="API.testCases.UserTestDD" name="testDeleteUser" time="1.225"/>
</testsuite> <!-- Default test -->
