<?xml version="1.0" encoding="UTF-8"?>
<!-- Generated by org.testng.reporters.JUnitXMLReporter -->
<testsuite ignored="0" hostname="DESKTOP-S6PS9AD" failures="0" tests="24" name="Test" time="41.561" errors="0" timestamp="2024-02-24T15:16:19 IST">
  <testcase classname="API.testCases.UserTestDD" name="testCreateUser" time="5.71"/>
  <testcase classname="API.testCases.UserTestDD" name="testCreateUser" time="1.386"/>
  <testcase classname="API.testCases.UserTestDD" name="testCreateUser" time="1.248"/>
  <testcase classname="API.testCases.UserTestDD" name="testCreateUser" time="1.3"/>
  <testcase classname="API.testCases.UserTestDD" name="testGetUserData" time="1.342"/>
  <testcase classname="API.testCases.UserTestDD" name="testGetUserData" time="1.293"/>
  <testcase classname="API.testCases.UserTestDD" name="testGetUserData" time="1.294"/>
  <testcase classname="API.testCases.UserTestDD" name="testGetUserData" time="1.264"/>
  <testcase classname="API.testCases.UserTestDD" name="testDeleteUser" time="1.265"/>
  <testcase classname="API.testCases.UserTestDD" name="testDeleteUser" time="1.4"/>
  <testcase classname="API.testCases.UserTestDD" name="testDeleteUser" time="1.192"/>
  <testcase classname="API.testCases.UserTestDD" name="testDeleteUser" time="1.218"/>
  <testcase classname="API.testCases.UserTestDataDriver" name="testCreateUser" time="1.341"/>
  <testcase classname="API.testCases.UserTestDataDriver" name="testCreateUser" time="1.333"/>
  <testcase classname="API.testCases.UserTestDataDriver" name="testCreateUser" time="1.185"/>
  <testcase classname="API.testCases.UserTestDataDriver" name="testCreateUser" time="1.496"/>
  <testcase classname="API.testCases.UserTestDataDriver" name="testdeleteUser" time="1.377"/>
  <testcase classname="API.testCases.UserTestDataDriver" name="testdeleteUser" time="1.206"/>
  <testcase classname="API.testCases.UserTestDataDriver" name="testdeleteUser" time="1.21"/>
  <testcase classname="API.testCases.UserTestDataDriver" name="testdeleteUser" time="1.245"/>
  <testcase classname="API.testCases.UserTest" name="testCreateUser" time="1.25"/>
  <testcase classname="API.testCases.UserTest" name="testGetUser" time="1.277"/>
  <testcase classname="API.testCases.UserTest" name="testUpdateUser" time="1.321"/>
  <testcase classname="API.testCases.UserTest" name="testdeleteUser" time="1.262"/>
</testsuite> <!-- Test -->
