<?xml version="1.0" encoding="UTF-8"?>
<testng-results ignored="0" total="24" passed="24" failed="0" skipped="0">
  <reporter-output>
  </reporter-output>
  <suite started-at="2024-02-24T15:15:37 IST" name="Suite" finished-at="2024-02-24T15:16:18 IST" duration-ms="41561">
    <groups>
    </groups>
    <test started-at="2024-02-24T15:15:37 IST" name="Test" finished-at="2024-02-24T15:16:18 IST" duration-ms="41561">
      <class name="API.testCases.UserTestDataDriver">
        <test-method signature="testCreateUser(java.lang.String,java.lang.String,java.lang.String,java.lang.String,java.lang.String,java.lang.String,java.lang.String)[pri:1, instance:API.testCases.UserTestDataDriver@6e6f2380]" started-at="2024-02-24T15:16:02 IST" name="testCreateUser" data-provider="AllData" finished-at="2024-02-24T15:16:03 IST" duration-ms="1341" status="PASS">
          <params>
            <param index="0">
              <value>
                <![CDATA[]]>
              </value>
            </param>
            <param index="1">
              <value>
                <![CDATA[user1]]>
              </value>
            </param>
            <param index="2">
              <value>
                <![CDATA[Kiran]]>
              </value>
            </param>
            <param index="3">
              <value>
                <![CDATA[Jadhav]]>
              </value>
            </param>
            <param index="4">
              <value>
                <![CDATA[kj123@gmail.com]]>
              </value>
            </param>
            <param index="5">
              <value>
                <![CDATA[test@1]]>
              </value>
            </param>
            <param index="6">
              <value>
                <![CDATA[]]>
              </value>
            </param>
          </params>
          <reporter-output>
          </reporter-output>
        </test-method> <!-- testCreateUser -->
        <test-method signature="testCreateUser(java.lang.String,java.lang.String,java.lang.String,java.lang.String,java.lang.String,java.lang.String,java.lang.String)[pri:1, instance:API.testCases.UserTestDataDriver@6e6f2380]" started-at="2024-02-24T15:16:03 IST" name="testCreateUser" data-provider="AllData" finished-at="2024-02-24T15:16:05 IST" duration-ms="1333" status="PASS">
          <params>
            <param index="0">
              <value>
                <![CDATA[]]>
              </value>
            </param>
            <param index="1">
              <value>
                <![CDATA[user2]]>
              </value>
            </param>
            <param index="2">
              <value>
                <![CDATA[Rohit]]>
              </value>
            </param>
            <param index="3">
              <value>
                <![CDATA[Shrama]]>
              </value>
            </param>
            <param index="4">
              <value>
                <![CDATA[rohit123@gmail.com]]>
              </value>
            </param>
            <param index="5">
              <value>
                <![CDATA[test@2]]>
              </value>
            </param>
            <param index="6">
              <value>
                <![CDATA[]]>
              </value>
            </param>
          </params>
          <reporter-output>
          </reporter-output>
        </test-method> <!-- testCreateUser -->
        <test-method signature="testCreateUser(java.lang.String,java.lang.String,java.lang.String,java.lang.String,java.lang.String,java.lang.String,java.lang.String)[pri:1, instance:API.testCases.UserTestDataDriver@6e6f2380]" started-at="2024-02-24T15:16:05 IST" name="testCreateUser" data-provider="AllData" finished-at="2024-02-24T15:16:06 IST" duration-ms="1185" status="PASS">
          <params>
            <param index="0">
              <value>
                <![CDATA[]]>
              </value>
            </param>
            <param index="1">
              <value>
                <![CDATA[user3]]>
              </value>
            </param>
            <param index="2">
              <value>
                <![CDATA[Virat]]>
              </value>
            </param>
            <param index="3">
              <value>
                <![CDATA[Kohali]]>
              </value>
            </param>
            <param index="4">
              <value>
                <![CDATA[virat123@gmal.com]]>
              </value>
            </param>
            <param index="5">
              <value>
                <![CDATA[test@3]]>
              </value>
            </param>
            <param index="6">
              <value>
                <![CDATA[]]>
              </value>
            </param>
          </params>
          <reporter-output>
          </reporter-output>
        </test-method> <!-- testCreateUser -->
        <test-method signature="testCreateUser(java.lang.String,java.lang.String,java.lang.String,java.lang.String,java.lang.String,java.lang.String,java.lang.String)[pri:1, instance:API.testCases.UserTestDataDriver@6e6f2380]" started-at="2024-02-24T15:16:06 IST" name="testCreateUser" data-provider="AllData" finished-at="2024-02-24T15:16:07 IST" duration-ms="1496" status="PASS">
          <params>
            <param index="0">
              <value>
                <![CDATA[2024]]>
              </value>
            </param>
            <param index="1">
              <value>
                <![CDATA[user4]]>
              </value>
            </param>
            <param index="2">
              <value>
                <![CDATA[Renu]]>
              </value>
            </param>
            <param index="3">
              <value>
                <![CDATA[Shah]]>
              </value>
            </param>
            <param index="4">
              <value>
                <![CDATA[renu@gmail.com]]>
              </value>
            </param>
            <param index="5">
              <value>
                <![CDATA[test@4]]>
              </value>
            </param>
            <param index="6">
              <value>
                <![CDATA[1234567897]]>
              </value>
            </param>
          </params>
          <reporter-output>
          </reporter-output>
        </test-method> <!-- testCreateUser -->
        <test-method signature="testdeleteUser(java.lang.String)[pri:2, instance:API.testCases.UserTestDataDriver@6e6f2380]" started-at="2024-02-24T15:16:07 IST" name="testdeleteUser" data-provider="UserNameData" finished-at="2024-02-24T15:16:09 IST" duration-ms="1377" status="PASS">
          <params>
            <param index="0">
              <value>
                <![CDATA[user1]]>
              </value>
            </param>
          </params>
          <reporter-output>
          </reporter-output>
        </test-method> <!-- testdeleteUser -->
        <test-method signature="testdeleteUser(java.lang.String)[pri:2, instance:API.testCases.UserTestDataDriver@6e6f2380]" started-at="2024-02-24T15:16:09 IST" name="testdeleteUser" data-provider="UserNameData" finished-at="2024-02-24T15:16:10 IST" duration-ms="1206" status="PASS">
          <params>
            <param index="0">
              <value>
                <![CDATA[user2]]>
              </value>
            </param>
          </params>
          <reporter-output>
          </reporter-output>
        </test-method> <!-- testdeleteUser -->
        <test-method signature="testdeleteUser(java.lang.String)[pri:2, instance:API.testCases.UserTestDataDriver@6e6f2380]" started-at="2024-02-24T15:16:10 IST" name="testdeleteUser" data-provider="UserNameData" finished-at="2024-02-24T15:16:11 IST" duration-ms="1210" status="PASS">
          <params>
            <param index="0">
              <value>
                <![CDATA[user3]]>
              </value>
            </param>
          </params>
          <reporter-output>
          </reporter-output>
        </test-method> <!-- testdeleteUser -->
        <test-method signature="testdeleteUser(java.lang.String)[pri:2, instance:API.testCases.UserTestDataDriver@6e6f2380]" started-at="2024-02-24T15:16:11 IST" name="testdeleteUser" data-provider="UserNameData" finished-at="2024-02-24T15:16:13 IST" duration-ms="1245" status="PASS">
          <params>
            <param index="0">
              <value>
                <![CDATA[user4]]>
              </value>
            </param>
          </params>
          <reporter-output>
          </reporter-output>
        </test-method> <!-- testdeleteUser -->
      </class> <!-- API.testCases.UserTestDataDriver -->
      <class name="API.testCases.UserTestDD">
        <test-method signature="testCreateUser(java.lang.String,java.lang.String,java.lang.String,java.lang.String,java.lang.String,java.lang.String,java.lang.String)[pri:1, instance:API.testCases.UserTestDD@4145bad8]" started-at="2024-02-24T15:15:41 IST" name="testCreateUser" data-provider="AllData" finished-at="2024-02-24T15:15:46 IST" duration-ms="5710" status="PASS">
          <params>
            <param index="0">
              <value>
                <![CDATA[]]>
              </value>
            </param>
            <param index="1">
              <value>
                <![CDATA[user1]]>
              </value>
            </param>
            <param index="2">
              <value>
                <![CDATA[Kiran]]>
              </value>
            </param>
            <param index="3">
              <value>
                <![CDATA[Jadhav]]>
              </value>
            </param>
            <param index="4">
              <value>
                <![CDATA[kj123@gmail.com]]>
              </value>
            </param>
            <param index="5">
              <value>
                <![CDATA[test@1]]>
              </value>
            </param>
            <param index="6">
              <value>
                <![CDATA[]]>
              </value>
            </param>
          </params>
          <reporter-output>
          </reporter-output>
        </test-method> <!-- testCreateUser -->
        <test-method signature="testCreateUser(java.lang.String,java.lang.String,java.lang.String,java.lang.String,java.lang.String,java.lang.String,java.lang.String)[pri:1, instance:API.testCases.UserTestDD@4145bad8]" started-at="2024-02-24T15:15:46 IST" name="testCreateUser" data-provider="AllData" finished-at="2024-02-24T15:15:48 IST" duration-ms="1386" status="PASS">
          <params>
            <param index="0">
              <value>
                <![CDATA[]]>
              </value>
            </param>
            <param index="1">
              <value>
                <![CDATA[user2]]>
              </value>
            </param>
            <param index="2">
              <value>
                <![CDATA[Rohit]]>
              </value>
            </param>
            <param index="3">
              <value>
                <![CDATA[Shrama]]>
              </value>
            </param>
            <param index="4">
              <value>
                <![CDATA[rohit123@gmail.com]]>
              </value>
            </param>
            <param index="5">
              <value>
                <![CDATA[test@2]]>
              </value>
            </param>
            <param index="6">
              <value>
                <![CDATA[]]>
              </value>
            </param>
          </params>
          <reporter-output>
          </reporter-output>
        </test-method> <!-- testCreateUser -->
        <test-method signature="testCreateUser(java.lang.String,java.lang.String,java.lang.String,java.lang.String,java.lang.String,java.lang.String,java.lang.String)[pri:1, instance:API.testCases.UserTestDD@4145bad8]" started-at="2024-02-24T15:15:48 IST" name="testCreateUser" data-provider="AllData" finished-at="2024-02-24T15:15:49 IST" duration-ms="1248" status="PASS">
          <params>
            <param index="0">
              <value>
                <![CDATA[]]>
              </value>
            </param>
            <param index="1">
              <value>
                <![CDATA[user3]]>
              </value>
            </param>
            <param index="2">
              <value>
                <![CDATA[Virat]]>
              </value>
            </param>
            <param index="3">
              <value>
                <![CDATA[Kohali]]>
              </value>
            </param>
            <param index="4">
              <value>
                <![CDATA[virat123@gmal.com]]>
              </value>
            </param>
            <param index="5">
              <value>
                <![CDATA[test@3]]>
              </value>
            </param>
            <param index="6">
              <value>
                <![CDATA[]]>
              </value>
            </param>
          </params>
          <reporter-output>
          </reporter-output>
        </test-method> <!-- testCreateUser -->
        <test-method signature="testCreateUser(java.lang.String,java.lang.String,java.lang.String,java.lang.String,java.lang.String,java.lang.String,java.lang.String)[pri:1, instance:API.testCases.UserTestDD@4145bad8]" started-at="2024-02-24T15:15:49 IST" name="testCreateUser" data-provider="AllData" finished-at="2024-02-24T15:15:50 IST" duration-ms="1300" status="PASS">
          <params>
            <param index="0">
              <value>
                <![CDATA[2024]]>
              </value>
            </param>
            <param index="1">
              <value>
                <![CDATA[user4]]>
              </value>
            </param>
            <param index="2">
              <value>
                <![CDATA[Renu]]>
              </value>
            </param>
            <param index="3">
              <value>
                <![CDATA[Shah]]>
              </value>
            </param>
            <param index="4">
              <value>
                <![CDATA[renu@gmail.com]]>
              </value>
            </param>
            <param index="5">
              <value>
                <![CDATA[test@4]]>
              </value>
            </param>
            <param index="6">
              <value>
                <![CDATA[1234567897]]>
              </value>
            </param>
          </params>
          <reporter-output>
          </reporter-output>
        </test-method> <!-- testCreateUser -->
        <test-method signature="testGetUserData(java.lang.String)[pri:2, instance:API.testCases.UserTestDD@4145bad8]" started-at="2024-02-24T15:15:51 IST" name="testGetUserData" data-provider="UserNameData" finished-at="2024-02-24T15:15:52 IST" duration-ms="1342" status="PASS">
          <params>
            <param index="0">
              <value>
                <![CDATA[user1]]>
              </value>
            </param>
          </params>
          <reporter-output>
          </reporter-output>
        </test-method> <!-- testGetUserData -->
        <test-method signature="testGetUserData(java.lang.String)[pri:2, instance:API.testCases.UserTestDD@4145bad8]" started-at="2024-02-24T15:15:52 IST" name="testGetUserData" data-provider="UserNameData" finished-at="2024-02-24T15:15:53 IST" duration-ms="1293" status="PASS">
          <params>
            <param index="0">
              <value>
                <![CDATA[user2]]>
              </value>
            </param>
          </params>
          <reporter-output>
          </reporter-output>
        </test-method> <!-- testGetUserData -->
        <test-method signature="testGetUserData(java.lang.String)[pri:2, instance:API.testCases.UserTestDD@4145bad8]" started-at="2024-02-24T15:15:53 IST" name="testGetUserData" data-provider="UserNameData" finished-at="2024-02-24T15:15:55 IST" duration-ms="1294" status="PASS">
          <params>
            <param index="0">
              <value>
                <![CDATA[user3]]>
              </value>
            </param>
          </params>
          <reporter-output>
          </reporter-output>
        </test-method> <!-- testGetUserData -->
        <test-method signature="testGetUserData(java.lang.String)[pri:2, instance:API.testCases.UserTestDD@4145bad8]" started-at="2024-02-24T15:15:55 IST" name="testGetUserData" data-provider="UserNameData" finished-at="2024-02-24T15:15:56 IST" duration-ms="1264" status="PASS">
          <params>
            <param index="0">
              <value>
                <![CDATA[user4]]>
              </value>
            </param>
          </params>
          <reporter-output>
          </reporter-output>
        </test-method> <!-- testGetUserData -->
        <test-method signature="testDeleteUser(java.lang.String)[pri:3, instance:API.testCases.UserTestDD@4145bad8]" started-at="2024-02-24T15:15:56 IST" name="testDeleteUser" data-provider="UserNameData" finished-at="2024-02-24T15:15:57 IST" duration-ms="1265" status="PASS">
          <params>
            <param index="0">
              <value>
                <![CDATA[user1]]>
              </value>
            </param>
          </params>
          <reporter-output>
          </reporter-output>
        </test-method> <!-- testDeleteUser -->
        <test-method signature="testDeleteUser(java.lang.String)[pri:3, instance:API.testCases.UserTestDD@4145bad8]" started-at="2024-02-24T15:15:57 IST" name="testDeleteUser" data-provider="UserNameData" finished-at="2024-02-24T15:15:59 IST" duration-ms="1400" status="PASS">
          <params>
            <param index="0">
              <value>
                <![CDATA[user2]]>
              </value>
            </param>
          </params>
          <reporter-output>
          </reporter-output>
        </test-method> <!-- testDeleteUser -->
        <test-method signature="testDeleteUser(java.lang.String)[pri:3, instance:API.testCases.UserTestDD@4145bad8]" started-at="2024-02-24T15:15:59 IST" name="testDeleteUser" data-provider="UserNameData" finished-at="2024-02-24T15:16:00 IST" duration-ms="1192" status="PASS">
          <params>
            <param index="0">
              <value>
                <![CDATA[user3]]>
              </value>
            </param>
          </params>
          <reporter-output>
          </reporter-output>
        </test-method> <!-- testDeleteUser -->
        <test-method signature="testDeleteUser(java.lang.String)[pri:3, instance:API.testCases.UserTestDD@4145bad8]" started-at="2024-02-24T15:16:00 IST" name="testDeleteUser" data-provider="UserNameData" finished-at="2024-02-24T15:16:01 IST" duration-ms="1218" status="PASS">
          <params>
            <param index="0">
              <value>
                <![CDATA[user4]]>
              </value>
            </param>
          </params>
          <reporter-output>
          </reporter-output>
        </test-method> <!-- testDeleteUser -->
      </class> <!-- API.testCases.UserTestDD -->
      <class name="API.testCases.UserTest">
        <test-method is-config="true" signature="generteTestData()[pri:0, instance:API.testCases.UserTest@5149d738]" started-at="2024-02-24T15:16:13 IST" name="generteTestData" finished-at="2024-02-24T15:16:13 IST" duration-ms="458" status="PASS">
          <reporter-output>
          </reporter-output>
        </test-method> <!-- generteTestData -->
        <test-method signature="testCreateUser()[pri:1, instance:API.testCases.UserTest@5149d738]" started-at="2024-02-24T15:16:13 IST" name="testCreateUser" finished-at="2024-02-24T15:16:14 IST" duration-ms="1250" status="PASS">
          <reporter-output>
          </reporter-output>
        </test-method> <!-- testCreateUser -->
        <test-method signature="testGetUser()[pri:2, instance:API.testCases.UserTest@5149d738]" started-at="2024-02-24T15:16:14 IST" name="testGetUser" finished-at="2024-02-24T15:16:16 IST" duration-ms="1277" status="PASS">
          <reporter-output>
          </reporter-output>
        </test-method> <!-- testGetUser -->
        <test-method signature="testUpdateUser()[pri:3, instance:API.testCases.UserTest@5149d738]" started-at="2024-02-24T15:16:16 IST" name="testUpdateUser" finished-at="2024-02-24T15:16:17 IST" duration-ms="1321" status="PASS">
          <reporter-output>
          </reporter-output>
        </test-method> <!-- testUpdateUser -->
        <test-method signature="testdeleteUser()[pri:4, instance:API.testCases.UserTest@5149d738]" started-at="2024-02-24T15:16:17 IST" name="testdeleteUser" finished-at="2024-02-24T15:16:18 IST" duration-ms="1262" status="PASS">
          <reporter-output>
          </reporter-output>
        </test-method> <!-- testdeleteUser -->
      </class> <!-- API.testCases.UserTest -->
    </test> <!-- Test -->
  </suite> <!-- Suite -->
</testng-results>
